SF:lib/login/presentation/notifier/auth_notifier.dart
DA:12,4
DA:14,1
DA:15,1
DA:17,2
DA:18,2
DA:20,0
DA:23,3
DA:28,1
DA:29,1
DA:31,2
DA:32,2
DA:34,0
DA:37,3
LF:13
LH:11
end_of_record
SF:lib/login/domain/usecases/login_usecase.dart
DA:6,2
DA:8,1
DA:9,2
LF:3
LH:3
end_of_record
SF:lib/login/domain/usecases/signup_usecase.dart
DA:6,2
DA:8,1
DA:9,2
LF:3
LH:3
end_of_record
SF:lib/core/widgets/toast.dart
DA:6,2
DA:8,2
DA:9,2
DA:10,2
LF:4
LH:4
end_of_record
SF:lib/login/data/repositories_impl/auth_repositories_impl.dart
DA:10,1
DA:12,1
DA:15,2
DA:19,1
DA:21,3
DA:23,1
DA:24,2
DA:29,1
DA:32,2
DA:36,1
DA:38,3
DA:40,1
DA:41,2
LF:13
LH:13
end_of_record
SF:lib/kanban_board/data/model/task_dto.dart
DA:10,2
DA:17,2
DA:18,2
DA:19,2
DA:20,2
DA:21,2
DA:22,2
DA:26,2
DA:27,2
DA:28,2
DA:29,2
DA:30,2
DA:31,2
DA:35,2
DA:36,2
DA:37,2
DA:38,2
DA:39,2
DA:40,2
DA:44,2
DA:45,2
DA:46,2
DA:47,2
DA:48,2
DA:49,2
DA:53,1
DA:57,1
DA:58,0
DA:60,0
DA:62,0
DA:63,0
DA:68,1
DA:77,3
DA:80,0
DA:82,1
DA:83,0
DA:88,0
DA:93,0
DA:95,1
LF:39
LH:31
end_of_record
SF:lib/kanban_board/domain/model/task_entity.dart
DA:7,4
DA:14,3
DA:19,3
DA:20,3
DA:21,0
DA:22,2
DA:23,2
LF:7
LH:6
end_of_record
SF:lib/core/auth_storage.dart
DA:4,3
DA:7,1
DA:10,2
DA:17,0
DA:18,0
DA:22,0
DA:23,0
DA:27,1
DA:28,1
DA:31,0
DA:35,0
DA:36,0
DA:39,0
DA:40,0
DA:41,0
DA:42,0
LF:16
LH:5
end_of_record
SF:lib/core/widgets/circular_indicator.dart
DA:4,0
DA:5,0
LF:2
LH:0
end_of_record
SF:lib/core/widgets/confirmation_dialog.dart
DA:4,0
DA:13,0
DA:15,0
DA:16,0
DA:17,0
DA:18,0
DA:20,0
DA:23,0
DA:25,0
DA:26,0
DA:27,0
DA:29,0
DA:30,0
DA:31,0
DA:32,0
DA:33,0
DA:34,0
DA:38,0
DA:39,0
DA:41,0
DA:42,0
DA:45,0
DA:46,0
DA:51,0
LF:24
LH:0
end_of_record
SF:lib/kanban_board/data/repositories_impl/kanban_repositories_impl.dart
DA:8,0
DA:10,0
DA:13,0
DA:14,0
DA:15,0
DA:16,0
DA:17,0
DA:18,0
DA:19,0
DA:23,0
DA:26,0
DA:27,0
DA:28,0
DA:29,0
DA:31,0
DA:32,0
DA:33,0
DA:35,0
DA:36,0
DA:37,0
DA:38,0
DA:42,0
DA:45,0
DA:46,0
DA:47,0
DA:48,0
DA:52,0
DA:55,0
DA:56,0
DA:57,0
DA:58,0
DA:59,0
LF:32
LH:0
end_of_record
SF:lib/kanban_board/home_page.dart
DA:17,8
DA:18,2
DA:19,2
DA:24,2
DA:26,2
DA:27,6
DA:28,10
DA:32,0
DA:33,0
DA:34,0
DA:35,0
DA:37,2
DA:39,6
DA:40,6
DA:41,0
DA:42,0
DA:46,2
DA:48,2
DA:50,2
DA:51,2
DA:52,2
DA:53,0
DA:60,0
DA:62,2
DA:64,2
DA:65,2
DA:66,4
DA:68,2
DA:69,0
DA:70,0
DA:72,2
DA:75,2
DA:76,8
DA:77,9
DA:79,2
DA:80,8
DA:81,8
DA:87,2
DA:88,2
DA:89,10
DA:91,2
DA:92,0
DA:93,0
DA:94,0
DA:96,0
DA:99,0
DA:100,0
DA:101,0
DA:103,2
DA:104,0
DA:105,2
DA:106,2
DA:107,2
DA:108,2
DA:117,2
DA:118,2
DA:119,2
DA:120,2
DA:122,2
DA:124,2
DA:128,1
DA:130,3
DA:132,1
DA:134,1
DA:136,1
DA:138,1
DA:140,1
DA:142,1
DA:150,2
DA:155,2
DA:156,2
DA:157,0
DA:159,0
DA:160,0
DA:162,0
DA:163,0
DA:165,0
DA:166,0
DA:173,2
DA:174,0
DA:175,0
DA:177,0
DA:180,2
DA:181,2
DA:186,2
DA:188,3
DA:195,1
DA:196,1
DA:197,1
DA:199,1
DA:201,1
DA:204,2
DA:205,1
DA:206,2
DA:209,1
DA:210,3
DA:211,2
DA:212,1
DA:215,1
DA:217,2
DA:218,2
DA:221,1
DA:224,1
DA:226,2
DA:227,2
DA:233,1
DA:234,1
DA:235,1
DA:237,2
DA:240,0
DA:244,1
DA:245,1
DA:248,2
DA:253,0
DA:254,0
DA:255,0
DA:257,0
DA:258,0
DA:260,0
DA:262,0
DA:266,0
DA:267,0
DA:269,0
DA:270,0
DA:271,0
DA:272,0
DA:274,0
DA:275,0
DA:279,0
LF:129
LH:84
end_of_record
SF:lib/kanban_board/presentation/state/kanban_board_state.dart
DA:12,3
DA:20,6
DA:28,3
DA:34,3
DA:35,1
DA:36,3
DA:37,3
DA:38,3
LF:8
LH:8
end_of_record
SF:lib/kanban_board/presentation/widgets/task_card.dart
DA:11,2
DA:13,1
DA:14,2
DA:15,2
DA:17,1
DA:19,1
DA:21,2
DA:22,1
DA:23,2
DA:24,2
DA:26,1
DA:27,3
DA:28,1
DA:30,1
DA:31,1
DA:34,1
DA:36,2
DA:37,2
DA:41,1
DA:44,1
DA:46,2
DA:47,2
DA:54,1
DA:55,1
DA:56,1
DA:58,2
DA:61,0
DA:65,1
DA:66,1
DA:69,2
DA:74,1
DA:75,6
DA:76,0
DA:80,4
DA:82,0
DA:86,3
DA:88,2
DA:90,3
DA:91,1
DA:92,1
DA:93,2
DA:95,0
DA:96,0
DA:100,1
DA:127,1
DA:128,1
DA:130,1
DA:132,1
DA:134,2
DA:135,1
DA:136,2
DA:138,1
DA:139,3
DA:140,2
DA:142,1
DA:143,1
DA:144,1
DA:146,2
DA:149,0
DA:153,1
DA:154,1
DA:157,2
DA:162,1
DA:163,4
DA:165,0
DA:169,2
DA:170,3
DA:171,2
DA:172,1
DA:173,2
DA:174,4
DA:177,0
DA:178,0
DA:182,1
DA:208,2
DA:210,4
DA:211,4
DA:212,2
DA:215,4
DA:216,4
DA:218,2
DA:221,2
DA:222,2
DA:224,2
DA:225,2
DA:226,8
DA:227,2
DA:229,2
DA:231,2
DA:232,6
DA:237,2
DA:239,2
DA:240,2
DA:242,3
DA:244,2
DA:246,3
DA:250,2
DA:252,6
LF:98
LH:89
end_of_record
SF:lib/login/presentation/login_page.dart
DA:12,2
DA:14,2
DA:15,2
DA:23,2
DA:25,4
DA:26,4
DA:27,4
DA:28,2
DA:31,2
DA:33,6
DA:34,6
DA:35,3
DA:37,2
DA:38,4
DA:41,2
DA:42,2
DA:43,2
DA:44,2
DA:45,6
DA:47,2
DA:48,2
DA:51,2
DA:52,2
DA:53,2
DA:54,2
DA:55,2
DA:58,2
DA:61,2
DA:63,2
DA:65,2
DA:66,2
DA:71,2
DA:73,2
DA:74,2
DA:76,2
DA:78,4
DA:79,4
DA:80,4
DA:82,2
DA:84,2
DA:88,2
DA:89,2
DA:90,2
DA:91,2
DA:92,1
DA:93,3
DA:94,0
DA:97,2
DA:100,2
DA:102,4
DA:103,4
DA:104,2
DA:105,2
DA:107,4
DA:109,4
DA:110,2
DA:111,2
DA:113,2
DA:116,0
DA:117,0
DA:118,0
DA:125,2
DA:126,8
DA:127,2
DA:129,1
DA:130,3
DA:131,2
DA:133,0
DA:134,0
DA:135,0
DA:136,0
DA:138,0
DA:139,0
DA:140,0
DA:146,2
DA:149,4
DA:152,1
DA:170,2
DA:171,8
DA:172,2
DA:173,2
DA:174,2
DA:175,2
DA:176,2
DA:181,1
DA:182,6
DA:183,0
DA:185,11
DA:186,3
DA:187,1
DA:188,1
DA:190,3
LF:92
LH:80
end_of_record
SF:lib/kanban_board/presentation/providers/task_provider.dart
DA:10,0
DA:11,0
DA:13,9
DA:14,0
DA:15,0
DA:17,8
DA:18,12
DA:19,6
DA:20,3
LF:9
LH:5
end_of_record
SF:lib/kanban_board/presentation/notifier/task_notifier.dart
DA:8,6
DA:10,3
DA:11,9
DA:13,6
DA:14,9
DA:18,0
DA:21,0
DA:22,0
DA:24,0
DA:25,0
DA:27,0
DA:30,1
DA:31,3
DA:33,2
DA:34,3
DA:36,3
DA:39,1
DA:40,3
DA:42,2
DA:43,3
DA:45,0
DA:48,0
DA:49,0
DA:51,0
DA:52,0
DA:54,0
LF:26
LH:14
end_of_record
SF:lib/main.dart
DA:11,0
DA:12,0
DA:13,0
DA:14,0
DA:15,0
DA:16,0
DA:18,0
DA:22,2
DA:24,1
DA:26,1
DA:28,1
DA:30,1
DA:33,1
DA:35,1
DA:36,2
DA:37,1
DA:38,1
DA:39,1
DA:40,2
DA:42,1
DA:43,1
DA:44,1
DA:45,1
DA:46,1
DA:47,1
DA:52,1
DA:53,1
DA:54,1
DA:57,1
DA:58,1
DA:59,2
DA:60,1
DA:62,1
DA:63,1
DA:64,1
DA:65,2
DA:67,2
DA:68,1
DA:71,1
DA:72,1
DA:73,1
DA:74,1
DA:76,1
LF:43
LH:36
end_of_record
SF:lib/core/connectivity_widgets.dart
DA:8,1
DA:10,1
DA:11,1
DA:17,1
DA:19,1
DA:22,1
DA:24,1
DA:27,1
DA:30,4
DA:31,2
DA:32,0
DA:33,0
DA:34,0
DA:36,1
DA:37,0
DA:38,0
DA:41,1
DA:44,2
LF:18
LH:13
end_of_record
SF:lib/core/widgets/offline_dialog.dart
DA:6,0
DA:8,0
DA:10,0
DA:13,0
DA:14,0
DA:15,0
DA:16,0
DA:17,0
DA:18,0
DA:19,0
DA:21,0
DA:22,0
DA:25,0
DA:28,0
DA:29,0
DA:30,0
DA:33,0
DA:34,0
DA:37,0
DA:39,0
DA:48,0
LF:21
LH:0
end_of_record
