SF:lib/login/presentation/notifier/auth_notifier.dart
DA:9,6
DA:11,1
DA:12,1
DA:14,2
DA:15,2
DA:17,3
DA:21,1
DA:22,1
DA:24,2
DA:25,2
DA:27,3
LF:11
LH:11
end_of_record
SF:lib/login/data/repositories_impl/auth_repositories_impl.dart
DA:11,1
DA:13,1
DA:16,2
DA:20,1
DA:22,3
DA:24,1
DA:25,3
DA:30,1
DA:33,2
DA:37,1
DA:39,3
DA:41,1
DA:42,3
LF:13
LH:13
end_of_record
SF:lib/core/widgets/toast.dart
DA:6,4
DA:8,4
DA:9,4
DA:10,4
LF:4
LH:4
end_of_record
SF:lib/kanban_board/data/model/task_dto.dart
DA:10,3
DA:17,2
DA:18,2
DA:19,2
DA:20,2
DA:21,2
DA:22,2
DA:26,3
DA:27,3
DA:28,3
DA:29,3
DA:30,3
DA:31,3
DA:35,2
DA:36,2
DA:37,2
DA:38,2
DA:39,2
DA:40,2
DA:44,3
DA:45,3
DA:46,3
DA:47,3
DA:48,3
DA:49,3
DA:57,3
DA:59,3
DA:60,0
DA:61,3
DA:69,3
DA:70,3
DA:72,3
DA:73,3
DA:76,0
DA:80,0
DA:83,0
DA:86,0
DA:89,3
LF:38
LH:33
end_of_record
SF:lib/kanban_board/domain/model/task_entity.dart
DA:7,4
DA:14,3
DA:19,3
DA:20,3
DA:21,0
DA:22,2
DA:23,2
LF:7
LH:6
end_of_record
SF:lib/kanban_board/data/repositories_impl/task_repositories_impl.dart
DA:12,4
DA:14,1
DA:16,2
DA:17,3
DA:18,1
DA:19,1
DA:21,1
DA:22,1
DA:23,1
DA:25,1
DA:26,2
DA:27,0
DA:29,0
DA:34,1
DA:36,3
DA:37,1
DA:38,0
DA:39,0
DA:44,1
DA:46,4
DA:47,1
DA:48,2
DA:49,0
DA:50,0
DA:55,1
DA:57,3
DA:58,1
DA:59,4
DA:60,1
DA:61,1
DA:62,0
DA:63,0
DA:67,3
DA:69,15
DA:70,3
DA:71,9
DA:72,3
DA:73,3
DA:74,3
DA:76,3
DA:84,0
LF:41
LH:32
end_of_record
SF:lib/main.dart
DA:9,0
DA:10,0
DA:11,0
DA:12,0
DA:14,0
DA:18,2
DA:20,1
DA:23,1
DA:25,1
DA:28,1
DA:30,1
DA:31,2
DA:32,1
DA:33,1
DA:34,1
DA:35,2
DA:37,1
DA:38,1
DA:39,1
DA:40,1
DA:41,1
DA:42,1
DA:47,1
DA:48,1
DA:49,1
DA:52,1
DA:53,1
DA:54,2
DA:55,1
DA:57,1
DA:58,1
DA:59,1
DA:60,2
DA:62,2
DA:63,1
LF:35
LH:30
end_of_record
SF:lib/app_root.dart
DA:7,1
DA:9,1
DA:11,2
DA:13,1
DA:14,0
DA:15,0
DA:16,0
DA:17,0
DA:19,0
DA:23,0
DA:25,0
DA:27,0
DA:41,2
DA:42,0
LF:14
LH:5
end_of_record
SF:lib/login/presentation/login_page.dart
DA:10,3
DA:12,3
DA:13,3
DA:21,3
DA:23,6
DA:24,6
DA:25,6
DA:26,3
DA:29,3
DA:31,9
DA:32,9
DA:33,3
DA:34,5
DA:36,10
DA:37,1
DA:38,1
DA:39,1
DA:42,0
DA:43,0
DA:44,0
DA:50,3
DA:51,3
DA:52,3
DA:53,3
DA:55,2
DA:56,3
DA:62,3
DA:63,3
DA:64,3
DA:65,3
DA:66,9
DA:68,3
DA:69,3
DA:72,3
DA:73,3
DA:74,3
DA:75,3
DA:76,3
DA:79,3
DA:83,3
DA:85,3
DA:87,3
DA:88,3
DA:93,3
DA:95,3
DA:96,3
DA:97,3
DA:99,6
DA:100,3
DA:101,3
DA:103,3
DA:104,3
DA:110,3
DA:112,3
DA:119,3
DA:120,3
DA:121,3
DA:122,3
DA:123,1
DA:124,3
DA:125,0
DA:128,3
DA:130,3
DA:132,6
DA:133,3
DA:134,3
DA:136,3
DA:137,3
DA:140,3
DA:141,3
DA:147,3
DA:149,3
DA:151,3
DA:152,3
DA:154,3
DA:156,0
DA:157,0
DA:158,0
DA:167,3
DA:168,12
DA:169,3
DA:173,1
DA:174,6
DA:175,2
DA:178,1
DA:179,3
DA:180,1
DA:181,3
DA:182,3
DA:184,1
DA:185,3
DA:186,1
DA:187,1
DA:189,1
DA:191,1
DA:192,1
DA:200,3
DA:203,3
DA:204,3
DA:221,3
DA:222,12
DA:223,3
DA:224,3
DA:225,3
DA:226,3
DA:227,3
DA:234,1
DA:235,6
DA:236,0
DA:239,1
DA:240,3
DA:241,1
DA:242,3
DA:243,3
DA:245,1
DA:246,3
DA:247,1
DA:248,1
DA:250,1
DA:252,1
DA:253,1
DA:262,0
DA:264,0
LF:123
LH:113
end_of_record
SF:lib/core/widgets/circular_indicator.dart
DA:4,2
DA:5,2
DA:7,4
LF:3
LH:3
end_of_record
SF:lib/kanban_board/domain/notifier/task_notifier.dart
DA:5,3
DA:8,3
DA:9,3
DA:12,1
DA:13,2
DA:14,1
DA:15,0
DA:19,0
DA:20,0
DA:21,0
DA:22,0
DA:27,1
DA:28,4
LF:13
LH:8
end_of_record
SF:lib/kanban_board/home_page.dart
DA:12,6
DA:14,1
DA:16,1
DA:18,1
DA:19,1
DA:20,2
DA:22,1
DA:23,3
DA:24,1
DA:25,1
DA:26,1
DA:27,1
DA:28,1
DA:29,1
DA:30,1
DA:33,2
DA:35,1
DA:36,1
DA:37,1
DA:40,1
DA:41,1
DA:44,1
DA:45,4
DA:46,2
DA:56,2
DA:58,4
DA:59,4
DA:60,0
DA:61,0
DA:65,2
DA:67,2
DA:69,2
DA:71,2
DA:72,2
DA:73,3
DA:74,1
DA:75,2
DA:77,2
DA:78,2
DA:79,4
DA:80,4
DA:82,2
DA:83,2
DA:84,2
DA:86,2
DA:89,2
DA:90,4
DA:91,7
DA:93,2
DA:94,8
DA:95,8
DA:101,2
DA:102,2
DA:103,10
DA:105,2
DA:106,0
DA:107,0
DA:108,0
DA:110,0
DA:115,0
DA:116,0
DA:117,0
DA:118,0
DA:122,0
DA:123,0
DA:126,0
DA:128,0
DA:131,0
DA:132,0
DA:134,0
DA:136,0
DA:138,2
DA:139,2
DA:140,2
DA:141,2
DA:150,2
DA:151,2
DA:153,4
DA:155,1
DA:157,1
DA:159,1
DA:161,1
DA:163,1
DA:165,2
DA:173,2
DA:178,0
DA:179,0
DA:180,0
DA:186,2
DA:188,2
DA:195,1
DA:196,1
DA:197,1
DA:199,1
DA:201,1
DA:205,2
DA:206,2
DA:207,1
DA:208,2
DA:211,1
DA:212,3
DA:213,2
DA:214,1
DA:217,1
DA:219,2
DA:220,2
DA:223,1
DA:226,1
DA:228,2
DA:229,2
DA:235,1
DA:236,1
DA:237,1
DA:239,2
DA:242,0
DA:246,1
DA:247,1
DA:250,2
DA:255,0
DA:256,0
DA:257,0
DA:259,0
DA:262,0
DA:264,0
DA:269,0
DA:270,0
DA:273,0
DA:275,0
DA:277,0
DA:279,0
DA:282,0
DA:283,0
DA:291,0
DA:292,0
LF:134
LH:96
end_of_record
SF:lib/kanban_board/presentation/widgets/task_card.dart
DA:11,2
DA:13,1
DA:14,2
DA:15,2
DA:17,1
DA:19,1
DA:22,2
DA:23,1
DA:24,1
DA:25,1
DA:26,2
DA:27,2
DA:29,1
DA:30,3
DA:31,1
DA:33,1
DA:34,1
DA:37,1
DA:39,1
DA:40,1
DA:42,1
DA:43,1
DA:48,1
DA:51,1
DA:53,1
DA:54,1
DA:56,1
DA:57,1
DA:64,1
DA:65,1
DA:66,1
DA:68,1
DA:69,1
DA:72,0
DA:75,1
DA:76,1
DA:79,1
DA:80,1
DA:85,1
DA:86,3
DA:88,0
DA:93,2
DA:94,3
DA:95,1
DA:97,3
DA:99,2
DA:101,1
DA:103,1
DA:104,2
DA:106,0
DA:107,0
DA:115,1
DA:116,2
DA:126,1
DA:127,1
DA:129,1
DA:131,1
DA:134,2
DA:135,2
DA:137,1
DA:138,2
DA:140,1
DA:141,3
DA:142,2
DA:143,1
DA:144,1
DA:145,1
DA:147,1
DA:148,1
DA:151,0
DA:154,1
DA:155,1
DA:158,1
DA:159,1
DA:164,1
DA:166,2
DA:167,3
DA:168,1
DA:170,3
DA:172,0
DA:177,2
DA:178,2
DA:181,2
DA:182,2
DA:183,4
DA:186,0
DA:187,0
DA:188,0
DA:196,1
DA:197,2
DA:205,2
DA:207,2
DA:210,4
DA:211,4
DA:213,2
DA:216,2
DA:217,2
DA:219,2
DA:220,10
DA:221,2
DA:223,6
DA:226,2
DA:228,2
DA:229,2
DA:231,1
DA:232,2
DA:235,2
DA:237,1
DA:238,2
DA:243,2
DA:245,6
LF:111
LH:102
end_of_record
SF:lib/kanban_board/presentation/providers/task_provider.dart
DA:8,9
DA:12,12
DA:15,8
DA:18,8
DA:19,0
DA:20,0
DA:21,0
DA:23,0
DA:24,0
DA:25,0
DA:27,0
DA:29,0
DA:34,12
DA:35,6
DA:36,6
DA:38,9
DA:39,3
DA:41,12
DA:44,3
DA:47,0
DA:48,0
DA:50,0
DA:52,0
DA:55,6
DA:56,3
LF:25
LH:13
end_of_record
